<?xml version="1.0" encoding="UTF-8"?>
<testsuite name="com.example.rqchallenge.service.EmployeeServiceImplTest" tests="15" skipped="0" failures="0" errors="0" timestamp="2024-02-18T09:05:28" hostname="NEW706-G7" time="0.203">
  <properties/>
  <testcase name="testGetAllEmployeesWithNullResponse()" classname="com.example.rqchallenge.service.EmployeeServiceImplTest" time="0.056"/>
  <testcase name="testDeleteEmployeeSuccess()" classname="com.example.rqchallenge.service.EmployeeServiceImplTest" time="0.007"/>
  <testcase name="testCreateEmployeeSuccess()" classname="com.example.rqchallenge.service.EmployeeServiceImplTest" time="0.006"/>
  <testcase name="testCreateEmployeeValidationExceptions1()" classname="com.example.rqchallenge.service.EmployeeServiceImplTest" time="0.005"/>
  <testcase name="testCreateEmployeeValidationExceptions2()" classname="com.example.rqchallenge.service.EmployeeServiceImplTest" time="0.004"/>
  <testcase name="testCreateEmployeeValidationExceptions3()" classname="com.example.rqchallenge.service.EmployeeServiceImplTest" time="0.041"/>
  <testcase name="testCreateEmployeeValidationExceptions4()" classname="com.example.rqchallenge.service.EmployeeServiceImplTest" time="0.005"/>
  <testcase name="testCreateEmployeeValidationExceptions5()" classname="com.example.rqchallenge.service.EmployeeServiceImplTest" time="0.005"/>
  <testcase name="testCreateEmployeeValidationExceptions6()" classname="com.example.rqchallenge.service.EmployeeServiceImplTest" time="0.006"/>
  <testcase name="testCreateEmployeeValidationExceptions7()" classname="com.example.rqchallenge.service.EmployeeServiceImplTest" time="0.004"/>
  <testcase name="testGetEmployeeByIdWithNullId()" classname="com.example.rqchallenge.service.EmployeeServiceImplTest" time="0.006"/>
  <testcase name="testDeleteEmployeeException()" classname="com.example.rqchallenge.service.EmployeeServiceImplTest" time="0.004"/>
  <testcase name="testGetAllEmployeesSuccess()" classname="com.example.rqchallenge.service.EmployeeServiceImplTest" time="0.004"/>
  <testcase name="testGetEmployeeByIdSuccess()" classname="com.example.rqchallenge.service.EmployeeServiceImplTest" time="0.006"/>
  <testcase name="testGetEmployeeByIdWithNullResponse()" classname="com.example.rqchallenge.service.EmployeeServiceImplTest" time="0.007"/>
  <system-out><![CDATA[14:35:25.014 [Test worker] DEBUG org.springframework.test.context.BootstrapUtils - Instantiating CacheAwareContextLoaderDelegate from class [org.springframework.test.context.cache.DefaultCacheAwareContextLoaderDelegate]
14:35:25.018 [Test worker] DEBUG org.springframework.test.context.BootstrapUtils - Instantiating BootstrapContext using constructor [public org.springframework.test.context.support.DefaultBootstrapContext(java.lang.Class,org.springframework.test.context.CacheAwareContextLoaderDelegate)]
14:35:25.062 [Test worker] DEBUG org.springframework.test.context.BootstrapUtils - Instantiating TestContextBootstrapper for test class [com.example.rqchallenge.service.EmployeeServiceImplTest] from class [org.springframework.boot.test.context.SpringBootTestContextBootstrapper]
14:35:25.077 [Test worker] INFO org.springframework.boot.test.context.SpringBootTestContextBootstrapper - Neither @ContextConfiguration nor @ContextHierarchy found for test class [com.example.rqchallenge.service.EmployeeServiceImplTest], using SpringBootContextLoader
14:35:25.077 [Test worker] DEBUG org.springframework.test.context.support.AbstractContextLoader - Did not detect default resource location for test class [com.example.rqchallenge.service.EmployeeServiceImplTest]: class path resource [com/example/rqchallenge/service/EmployeeServiceImplTest-context.xml] does not exist
14:35:25.077 [Test worker] DEBUG org.springframework.test.context.support.AbstractContextLoader - Did not detect default resource location for test class [com.example.rqchallenge.service.EmployeeServiceImplTest]: class path resource [com/example/rqchallenge/service/EmployeeServiceImplTestContext.groovy] does not exist
14:35:25.077 [Test worker] INFO org.springframework.test.context.support.AbstractContextLoader - Could not detect default resource locations for test class [com.example.rqchallenge.service.EmployeeServiceImplTest]: no resource found for suffixes {-context.xml, Context.groovy}.
14:35:25.077 [Test worker] INFO org.springframework.test.context.support.AnnotationConfigContextLoaderUtils - Could not detect default configuration classes for test class [com.example.rqchallenge.service.EmployeeServiceImplTest]: EmployeeServiceImplTest does not declare any static, non-private, non-final, nested classes annotated with @Configuration.
14:35:25.141 [Test worker] DEBUG org.springframework.test.context.support.ActiveProfilesUtils - Could not find an 'annotation declaring class' for annotation type [org.springframework.test.context.ActiveProfiles] and class [com.example.rqchallenge.service.EmployeeServiceImplTest]
14:35:25.222 [Test worker] DEBUG org.springframework.context.annotation.ClassPathScanningCandidateComponentProvider - Identified candidate component class: file [C:\Users\hpatil\Music\hp\java-employee-challenge\build\classes\java\main\com\example\rqchallenge\RqChallengeApplication.class]
14:35:25.222 [Test worker] INFO org.springframework.boot.test.context.SpringBootTestContextBootstrapper - Found @SpringBootConfiguration com.example.rqchallenge.RqChallengeApplication for test class com.example.rqchallenge.service.EmployeeServiceImplTest
14:35:25.376 [Test worker] DEBUG org.springframework.boot.test.context.SpringBootTestContextBootstrapper - @TestExecutionListeners is not present for class [com.example.rqchallenge.service.EmployeeServiceImplTest]: using defaults.
14:35:25.376 [Test worker] INFO org.springframework.boot.test.context.SpringBootTestContextBootstrapper - Loaded default TestExecutionListener class names from location [META-INF/spring.factories]: [org.springframework.boot.test.autoconfigure.restdocs.RestDocsTestExecutionListener, org.springframework.boot.test.autoconfigure.web.client.MockRestServiceServerResetTestExecutionListener, org.springframework.boot.test.autoconfigure.web.servlet.MockMvcPrintOnlyOnFailureTestExecutionListener, org.springframework.boot.test.autoconfigure.web.servlet.WebDriverTestExecutionListener, org.springframework.boot.test.autoconfigure.webservices.client.MockWebServiceServerTestExecutionListener, org.springframework.boot.test.mock.mockito.MockitoTestExecutionListener, org.springframework.boot.test.mock.mockito.ResetMocksTestExecutionListener, org.springframework.test.context.web.ServletTestExecutionListener, org.springframework.test.context.support.DirtiesContextBeforeModesTestExecutionListener, org.springframework.test.context.event.ApplicationEventsTestExecutionListener, org.springframework.test.context.support.DependencyInjectionTestExecutionListener, org.springframework.test.context.support.DirtiesContextTestExecutionListener, org.springframework.test.context.transaction.TransactionalTestExecutionListener, org.springframework.test.context.jdbc.SqlScriptsTestExecutionListener, org.springframework.test.context.event.EventPublishingTestExecutionListener]
14:35:25.394 [Test worker] DEBUG org.springframework.boot.test.context.SpringBootTestContextBootstrapper - Skipping candidate TestExecutionListener [org.springframework.test.context.transaction.TransactionalTestExecutionListener] due to a missing dependency. Specify custom listener classes or make the default listener classes and their required dependencies available. Offending class: [org/springframework/transaction/interceptor/TransactionAttributeSource]
14:35:25.394 [Test worker] DEBUG org.springframework.boot.test.context.SpringBootTestContextBootstrapper - Skipping candidate TestExecutionListener [org.springframework.test.context.jdbc.SqlScriptsTestExecutionListener] due to a missing dependency. Specify custom listener classes or make the default listener classes and their required dependencies available. Offending class: [org/springframework/transaction/interceptor/TransactionAttribute]
14:35:25.394 [Test worker] INFO org.springframework.boot.test.context.SpringBootTestContextBootstrapper - Using TestExecutionListeners: [org.springframework.test.context.web.ServletTestExecutionListener@5505ae1a, org.springframework.test.context.support.DirtiesContextBeforeModesTestExecutionListener@73cd37c0, org.springframework.test.context.event.ApplicationEventsTestExecutionListener@21337f7b, org.springframework.boot.test.mock.mockito.MockitoTestExecutionListener@2bb3058, org.springframework.boot.test.autoconfigure.SpringBootDependencyInjectionTestExecutionListener@7a362b6b, org.springframework.test.context.support.DirtiesContextTestExecutionListener@60df60da, org.springframework.test.context.event.EventPublishingTestExecutionListener@5a2d131d, org.springframework.boot.test.autoconfigure.restdocs.RestDocsTestExecutionListener@14fc1f0, org.springframework.boot.test.autoconfigure.web.client.MockRestServiceServerResetTestExecutionListener@4ae9cfc1, org.springframework.boot.test.autoconfigure.web.servlet.MockMvcPrintOnlyOnFailureTestExecutionListener@512baff6, org.springframework.boot.test.autoconfigure.web.servlet.WebDriverTestExecutionListener@632ceb35, org.springframework.boot.test.autoconfigure.webservices.client.MockWebServiceServerTestExecutionListener@1c93f6e1, org.springframework.boot.test.mock.mockito.ResetMocksTestExecutionListener@1800a575]
14:35:25.403 [Test worker] DEBUG org.springframework.test.context.support.AbstractDirtiesContextTestExecutionListener - Before test class: context [DefaultTestContext@7b420819 testClass = EmployeeServiceImplTest, testInstance = [null], testMethod = [null], testException = [null], mergedContextConfiguration = [WebMergedContextConfiguration@7a1a14a4 testClass = EmployeeServiceImplTest, locations = '{}', classes = '{class com.example.rqchallenge.RqChallengeApplication}', contextInitializerClasses = '[]', activeProfiles = '{}', propertySourceLocations = '{}', propertySourceProperties = '{org.springframework.boot.test.context.SpringBootTestContextBootstrapper=true}', contextCustomizers = set[org.springframework.boot.test.autoconfigure.actuate.metrics.MetricsExportContextCustomizerFactory$DisableMetricExportContextCustomizer@350aac89, org.springframework.boot.test.autoconfigure.properties.PropertyMappingContextCustomizer@0, org.springframework.boot.test.autoconfigure.web.servlet.WebDriverContextCustomizerFactory$Customizer@cc43f62, org.springframework.boot.test.context.filter.ExcludeFilterContextCustomizer@16eb3ea3, org.springframework.boot.test.json.DuplicateJsonObjectContextCustomizerFactory$DuplicateJsonObjectContextCustomizer@1a75e76a, org.springframework.boot.test.mock.mockito.MockitoContextCustomizer@0, org.springframework.boot.test.web.client.TestRestTemplateContextCustomizer@2b40ff9c, org.springframework.boot.test.context.SpringBootTestArgs@1, org.springframework.boot.test.context.SpringBootTestWebEnvironment@6293abcc], resourceBasePath = 'src/main/webapp', contextLoader = 'org.springframework.boot.test.context.SpringBootContextLoader', parent = [null]], attributes = map['org.springframework.test.context.web.ServletTestExecutionListener.activateListener' -> true]], class annotated with @DirtiesContext [false] with mode [null].
14:35:25.457 [Test worker] DEBUG org.springframework.boot.ApplicationServletEnvironment - Activating profiles []
14:35:25.457 [Test worker] DEBUG org.springframework.test.context.support.TestPropertySourceUtils - Adding inlined properties to environment: {spring.jmx.enabled=false, org.springframework.boot.test.context.SpringBootTestContextBootstrapper=true}

  .   ____          _            __ _ _
 /\\ / ___'_ __ _ _(_)_ __  __ _ \ \ \ \
( ( )\___ | '_ | '_| | '_ \/ _` | \ \ \ \
 \\/  ___)| |_)| | | | | || (_| |  ) ) ) )
  '  |____| .__|_| |_|_| |_\__, | / / / /
 =========|_|==============|___/=/_/_/_/
 :: Spring Boot ::                (v2.6.1)

2024-02-18 14:35:25.839  INFO 15320 --- [    Test worker] c.e.r.service.EmployeeServiceImplTest    : Starting EmployeeServiceImplTest using Java 1.8.0_311 on NEW706-G7 with PID 15320 (started by hpatil in C:\Users\hpatil\Music\hp\java-employee-challenge)
2024-02-18 14:35:25.839  INFO 15320 --- [    Test worker] c.e.r.service.EmployeeServiceImplTest    : No active profile set, falling back to default profiles: default
2024-02-18 14:35:28.125  INFO 15320 --- [    Test worker] c.e.r.service.EmployeeServiceImplTest    : Started EmployeeServiceImplTest in 2.657 seconds (JVM running for 4.865)
2024-02-18 14:35:28.953 ERROR 15320 --- [    Test worker] c.e.r.impl.EmployeeServiceImpl           : No record found while calling https://dummy.restapiexample.com/api/v1/employees
2024-02-18 14:35:29.123 ERROR 15320 --- [    Test worker] c.e.r.impl.EmployeeServiceImpl           : No record found while calling https://dummy.restapiexample.com/api/v1/employee/id
]]></system-out>
  <system-err><![CDATA[]]></system-err>
</testsuite>
